Performing C++ SOURCE FILE Test COMPILER_SUPPORT_Wshorten64to32 failed with the following output:
Change Dir: /home/mtaho/Code/Courses/UncertaintyQuantification/BeamUQ/cpp/build/CMakeFiles/CMakeTmp

Run Build Command(s):/usr/bin/gmake -f Makefile cmTC_a739c/fast && /usr/bin/gmake  -f CMakeFiles/cmTC_a739c.dir/build.make CMakeFiles/cmTC_a739c.dir/build
gmake[1]: Entering directory '/home/mtaho/Code/Courses/UncertaintyQuantification/BeamUQ/cpp/build/CMakeFiles/CMakeTmp'
Building CXX object CMakeFiles/cmTC_a739c.dir/src.cxx.o
/usr/bin/c++ -DCOMPILER_SUPPORT_Wshorten64to32  -Wall -Wextra -pedantic -Wall -Wextra -Wundef -Wcast-align -Wchar-subscripts -Wnon-virtual-dtor -Wunused-local-typedefs -Wpointer-arith -Wwrite-strings -Wformat-security -Werror   -Wshorten-64-to-32 -std=gnu++17 -o CMakeFiles/cmTC_a739c.dir/src.cxx.o -c /home/mtaho/Code/Courses/UncertaintyQuantification/BeamUQ/cpp/build/CMakeFiles/CMakeTmp/src.cxx
c++: error: unrecognized command-line option '-Wshorten-64-to-32'
gmake[1]: *** [CMakeFiles/cmTC_a739c.dir/build.make:78: CMakeFiles/cmTC_a739c.dir/src.cxx.o] Error 1
gmake[1]: Leaving directory '/home/mtaho/Code/Courses/UncertaintyQuantification/BeamUQ/cpp/build/CMakeFiles/CMakeTmp'
gmake: *** [Makefile:127: cmTC_a739c/fast] Error 2


Source file was:
int main() { return 0; }
Performing C++ SOURCE FILE Test COMPILER_SUPPORT_Wcpp11extensions failed with the following output:
Change Dir: /home/mtaho/Code/Courses/UncertaintyQuantification/BeamUQ/cpp/build/CMakeFiles/CMakeTmp

Run Build Command(s):/usr/bin/gmake -f Makefile cmTC_d013d/fast && /usr/bin/gmake  -f CMakeFiles/cmTC_d013d.dir/build.make CMakeFiles/cmTC_d013d.dir/build
gmake[1]: Entering directory '/home/mtaho/Code/Courses/UncertaintyQuantification/BeamUQ/cpp/build/CMakeFiles/CMakeTmp'
Building CXX object CMakeFiles/cmTC_d013d.dir/src.cxx.o
/usr/bin/c++ -DCOMPILER_SUPPORT_Wcpp11extensions  -Wall -Wextra -pedantic -Wall -Wextra -Wundef -Wcast-align -Wchar-subscripts -Wnon-virtual-dtor -Wunused-local-typedefs -Wpointer-arith -Wwrite-strings -Wformat-security -Wlogical-op -Wenum-conversion -Werror   -Wc++11-extensions -std=gnu++17 -o CMakeFiles/cmTC_d013d.dir/src.cxx.o -c /home/mtaho/Code/Courses/UncertaintyQuantification/BeamUQ/cpp/build/CMakeFiles/CMakeTmp/src.cxx
c++: error: unrecognized command-line option '-Wc++11-extensions'; did you mean '-fms-extensions'?
gmake[1]: *** [CMakeFiles/cmTC_d013d.dir/build.make:78: CMakeFiles/cmTC_d013d.dir/src.cxx.o] Error 1
gmake[1]: Leaving directory '/home/mtaho/Code/Courses/UncertaintyQuantification/BeamUQ/cpp/build/CMakeFiles/CMakeTmp'
gmake: *** [Makefile:127: cmTC_d013d/fast] Error 2


Source file was:
int main() { return 0; }
Performing C++ SOURCE FILE Test COMPILER_SUPPORT_wd981 failed with the following output:
Change Dir: /home/mtaho/Code/Courses/UncertaintyQuantification/BeamUQ/cpp/build/CMakeFiles/CMakeTmp

Run Build Command(s):/usr/bin/gmake -f Makefile cmTC_ba56b/fast && /usr/bin/gmake  -f CMakeFiles/cmTC_ba56b.dir/build.make CMakeFiles/cmTC_ba56b.dir/build
gmake[1]: Entering directory '/home/mtaho/Code/Courses/UncertaintyQuantification/BeamUQ/cpp/build/CMakeFiles/CMakeTmp'
Building CXX object CMakeFiles/cmTC_ba56b.dir/src.cxx.o
/usr/bin/c++ -DCOMPILER_SUPPORT_wd981  -Wall -Wextra -pedantic -Wall -Wextra -Wundef -Wcast-align -Wchar-subscripts -Wnon-virtual-dtor -Wunused-local-typedefs -Wpointer-arith -Wwrite-strings -Wformat-security -Wlogical-op -Wenum-conversion -Wdouble-promotion -Wshadow -Wno-psabi -Wno-variadic-macros -Wno-long-long -fno-check-new -fno-common -fstrict-aliasing -Werror   -wd981 -std=gnu++17 -o CMakeFiles/cmTC_ba56b.dir/src.cxx.o -c /home/mtaho/Code/Courses/UncertaintyQuantification/BeamUQ/cpp/build/CMakeFiles/CMakeTmp/src.cxx
c++: error: unrecognized command-line option '-wd981'
gmake[1]: *** [CMakeFiles/cmTC_ba56b.dir/build.make:78: CMakeFiles/cmTC_ba56b.dir/src.cxx.o] Error 1
gmake[1]: Leaving directory '/home/mtaho/Code/Courses/UncertaintyQuantification/BeamUQ/cpp/build/CMakeFiles/CMakeTmp'
gmake: *** [Makefile:127: cmTC_ba56b/fast] Error 2


Source file was:
int main() { return 0; }
Performing C++ SOURCE FILE Test COMPILER_SUPPORT_wd2304 failed with the following output:
Change Dir: /home/mtaho/Code/Courses/UncertaintyQuantification/BeamUQ/cpp/build/CMakeFiles/CMakeTmp

Run Build Command(s):/usr/bin/gmake -f Makefile cmTC_fa709/fast && /usr/bin/gmake  -f CMakeFiles/cmTC_fa709.dir/build.make CMakeFiles/cmTC_fa709.dir/build
gmake[1]: Entering directory '/home/mtaho/Code/Courses/UncertaintyQuantification/BeamUQ/cpp/build/CMakeFiles/CMakeTmp'
Building CXX object CMakeFiles/cmTC_fa709.dir/src.cxx.o
/usr/bin/c++ -DCOMPILER_SUPPORT_wd2304  -Wall -Wextra -pedantic -Wall -Wextra -Wundef -Wcast-align -Wchar-subscripts -Wnon-virtual-dtor -Wunused-local-typedefs -Wpointer-arith -Wwrite-strings -Wformat-security -Wlogical-op -Wenum-conversion -Wdouble-promotion -Wshadow -Wno-psabi -Wno-variadic-macros -Wno-long-long -fno-check-new -fno-common -fstrict-aliasing -Werror   -wd2304 -std=gnu++17 -o CMakeFiles/cmTC_fa709.dir/src.cxx.o -c /home/mtaho/Code/Courses/UncertaintyQuantification/BeamUQ/cpp/build/CMakeFiles/CMakeTmp/src.cxx
c++: error: unrecognized command-line option '-wd2304'
gmake[1]: *** [CMakeFiles/cmTC_fa709.dir/build.make:78: CMakeFiles/cmTC_fa709.dir/src.cxx.o] Error 1
gmake[1]: Leaving directory '/home/mtaho/Code/Courses/UncertaintyQuantification/BeamUQ/cpp/build/CMakeFiles/CMakeTmp'
gmake: *** [Makefile:127: cmTC_fa709/fast] Error 2


Source file was:
int main() { return 0; }
